0 info it worked if it ends with ok
1 verbose cli [ '/home/camilatigre/.nvm/versions/node/v6.9.4/bin/node',
1 verbose cli   '/home/camilatigre/.nvm/versions/node/v6.9.4/bin/npm',
1 verbose cli   'run',
1 verbose cli   'start' ]
2 info using npm@3.10.10
3 info using node@v6.9.4
4 verbose run-script [ 'prestart', 'start', 'poststart' ]
5 info lifecycle webpack-config@1.0.0~prestart: webpack-config@1.0.0
6 silly lifecycle webpack-config@1.0.0~prestart: no script for prestart, continuing
7 info lifecycle webpack-config@1.0.0~start: webpack-config@1.0.0
8 verbose lifecycle webpack-config@1.0.0~start: unsafe-perm in lifecycle true
9 verbose lifecycle webpack-config@1.0.0~start: PATH: /home/camilatigre/.nvm/versions/node/v6.9.4/lib/node_modules/npm/bin/node-gyp-bin:/home/camilatigre/dev/teste-webpack/node_modules/.bin:/opt/apache-maven-3.1.0/bin:/home/camilatigre/.nvm/versions/node/v6.9.4/bin:/usr/local/sbin:/usr/local/bin:/usr/sbin:/usr/bin:/sbin:/bin:/usr/games:/usr/local/games:/snap/bin
10 verbose lifecycle webpack-config@1.0.0~start: CWD: /home/camilatigre/dev/teste-webpack
11 silly lifecycle webpack-config@1.0.0~start: Args: [ '-c', 'build && dev' ]
12 info lifecycle webpack-config@1.0.0~start: Failed to exec start script
13 verbose stack Error: webpack-config@1.0.0 start: `build && dev`
13 verbose stack spawn ENOENT
13 verbose stack     at ChildProcess.<anonymous> (/home/camilatigre/.nvm/versions/node/v6.9.4/lib/node_modules/npm/lib/utils/spawn.js:33:16)
13 verbose stack     at emitTwo (events.js:106:13)
13 verbose stack     at ChildProcess.emit (events.js:191:7)
13 verbose stack     at maybeClose (internal/child_process.js:877:16)
13 verbose stack     at Process.ChildProcess._handle.onexit (internal/child_process.js:226:5)
14 verbose pkgid webpack-config@1.0.0
15 verbose cwd /home/camilatigre/dev/teste-webpack
16 error Linux 4.4.0-66-generic
17 error argv "/home/camilatigre/.nvm/versions/node/v6.9.4/bin/node" "/home/camilatigre/.nvm/versions/node/v6.9.4/bin/npm" "run" "start"
18 error node v6.9.4
19 error npm  v3.10.10
20 error file sh
21 error code ELIFECYCLE
22 error errno ENOENT
23 error syscall spawn
24 error webpack-config@1.0.0 start: `build && dev`
24 error spawn ENOENT
25 error Failed at the webpack-config@1.0.0 start script 'build && dev'.
25 error Make sure you have the latest version of node.js and npm installed.
25 error If you do, this is most likely a problem with the webpack-config package,
25 error not with npm itself.
25 error Tell the author that this fails on your system:
25 error     build && dev
25 error You can get information on how to open an issue for this project with:
25 error     npm bugs webpack-config
25 error Or if that isn't available, you can get their info via:
25 error     npm owner ls webpack-config
25 error There is likely additional logging output above.
26 verbose exit [ 1, true ]
